SF:lib\database\definitions.dart
DA:12,1
DA:13,2
DA:14,1
DA:15,2
DA:16,1
DA:20,1
DA:21,1
DA:23,1
DA:24,1
DA:25,4
DA:35,1
DA:36,2
DA:37,1
DA:38,2
DA:39,1
DA:40,3
DA:41,1
DA:42,4
DA:43,1
DA:44,8
DA:45,1
DA:50,2
DA:51,1
DA:53,5
DA:56,1
DA:57,1
DA:59,1
DA:60,1
DA:71,1
DA:72,2
DA:73,1
DA:77,6
DA:79,0
DA:80,0
DA:81,0
DA:82,0
DA:84,0
DA:85,0
DA:89,0
DA:90,0
DA:91,0
DA:92,0
DA:94,0
DA:95,0
DA:99,1
DA:100,2
DA:108,1
DA:114,1
DA:115,2
DA:117,1
DA:122,3
DA:125,3
DA:131,3
DA:135,1
LF:54
LH:42
end_of_record
SF:lib\database\database.dart
DA:10,0
DA:23,0
DA:24,0
DA:25,0
DA:27,0
DA:28,0
DA:32,0
DA:36,0
DA:42,0
DA:59,0
DA:60,0
DA:62,0
DA:65,0
DA:66,0
DA:68,0
DA:69,0
DA:70,0
DA:71,0
DA:78,2
DA:80,2
DA:81,2
DA:85,1
DA:86,2
DA:96,0
DA:97,0
LF:25
LH:5
end_of_record
SF:lib\logger.dart
DA:5,3
DA:12,0
DA:13,6
DA:15,2
DA:22,0
DA:23,4
DA:25,0
DA:30,0
DA:32,0
DA:34,0
DA:36,3
DA:38,0
DA:40,3
DA:48,3
DA:50,3
DA:52,2
DA:54,1
DA:56,0
DA:65,3
DA:66,3
DA:67,2
DA:68,3
DA:69,0
DA:70,0
DA:72,3
DA:74,3
DA:82,3
DA:88,3
DA:89,3
DA:90,3
DA:91,3
DA:95,2
DA:101,2
DA:102,2
DA:103,2
DA:104,2
DA:106,1
DA:107,1
DA:110,1
DA:117,3
DA:118,6
DA:119,3
DA:120,9
DA:126,3
DA:127,3
DA:131,3
DA:132,3
DA:133,3
DA:134,3
DA:135,3
DA:138,3
DA:141,3
DA:149,3
DA:152,6
DA:155,15
DA:161,6
DA:163,4
DA:164,2
DA:174,2
DA:175,4
DA:179,4
DA:180,0
DA:185,6
DA:187,3
DA:189,6
DA:190,3
DA:191,6
DA:192,3
DA:193,3
DA:194,3
DA:195,3
DA:198,3
DA:202,3
DA:205,3
DA:206,6
DA:212,3
DA:213,6
DA:217,9
DA:220,3
DA:221,6
DA:225,0
DA:228,3
DA:229,6
DA:233,9
DA:238,9
DA:239,9
DA:240,9
LF:87
LH:75
end_of_record
SF:lib\views\async_value_view.dart
DA:11,3
DA:18,3
DA:20,2
DA:21,1
DA:22,1
DA:23,2
DA:32,3
DA:34,3
DA:35,3
DA:36,6
DA:37,3
DA:38,6
DA:39,3
DA:40,3
DA:41,3
LF:15
LH:15
end_of_record
SF:lib\mem.dart
DA:8,2
DA:16,0
DA:18,1
DA:19,2
DA:21,4
DA:22,2
DA:23,2
DA:24,2
DA:25,2
DA:26,2
DA:29,1
DA:30,1
DA:31,1
DA:32,1
DA:33,2
DA:34,1
DA:35,0
DA:36,2
DA:37,1
DA:38,0
DA:39,2
DA:40,1
DA:41,0
DA:45,1
DA:46,2
LF:25
LH:21
end_of_record
SF:lib\repositories\mem_repository.dart
DA:9,0
DA:10,0
DA:11,0
DA:12,0
DA:13,0
DA:14,0
DA:15,0
DA:19,0
DA:20,0
DA:21,0
DA:22,0
DA:23,0
DA:27,0
DA:28,0
DA:31,0
DA:32,0
DA:33,0
DA:35,0
DA:36,0
DA:40,0
DA:41,0
DA:42,0
DA:45,0
DA:46,0
DA:47,0
DA:48,0
DA:49,0
DA:50,0
DA:51,0
DA:58,0
DA:59,0
DA:60,0
DA:61,0
DA:62,0
DA:63,0
DA:64,0
DA:68,0
DA:69,0
DA:70,0
DA:71,0
DA:72,0
DA:80,0
DA:81,0
DA:82,0
DA:85,0
DA:89,2
DA:98,0
DA:101,0
DA:107,2
DA:112,0
DA:116,0
DA:118,0
DA:119,0
DA:120,0
DA:121,0
DA:122,0
DA:123,0
DA:130,0
DA:132,0
DA:133,0
LF:60
LH:2
end_of_record
SF:lib\views\mem_list\mem_list_page.dart
DA:11,1
DA:13,1
DA:14,1
DA:15,1
DA:16,2
DA:17,2
DA:18,1
DA:19,2
DA:20,1
DA:23,1
DA:24,2
DA:25,2
DA:26,3
DA:27,1
DA:28,3
DA:29,1
DA:30,2
DA:31,0
DA:32,0
DA:37,1
DA:39,1
DA:40,3
DA:50,2
DA:51,1
DA:52,2
DA:53,1
DA:54,1
DA:55,1
LF:28
LH:26
end_of_record
SF:lib\views\mem_detail\mem_detail_page.dart
DA:15,4
DA:17,2
DA:18,2
DA:19,2
DA:20,4
DA:21,4
DA:22,2
DA:23,2
DA:24,8
DA:26,2
DA:27,2
DA:29,2
DA:30,2
DA:33,0
DA:34,0
DA:35,0
DA:40,2
DA:42,2
DA:43,2
DA:44,2
DA:45,8
DA:46,2
DA:47,1
DA:48,1
DA:49,1
DA:50,2
DA:53,1
DA:54,5
DA:55,3
DA:62,2
DA:63,2
DA:64,2
DA:66,1
DA:67,3
DA:68,5
DA:70,1
DA:71,2
DA:73,3
LF:38
LH:35
end_of_record
SF:lib\views\mem_list\mem_list_page_states.dart
DA:9,3
DA:10,2
DA:11,1
DA:12,1
DA:13,2
DA:15,3
DA:17,4
DA:18,1
DA:19,0
DA:25,4
DA:26,2
DA:27,4
DA:28,2
DA:29,4
DA:30,2
DA:31,1
DA:32,2
DA:35,0
DA:37,1
DA:47,8
LF:20
LH:18
end_of_record
SF:lib\views\mem_detail\mem_detail_states.dart
DA:9,4
DA:10,4
DA:11,4
DA:12,2
DA:13,2
DA:14,6
DA:16,1
DA:18,3
DA:19,6
DA:20,1
DA:22,1
DA:31,6
DA:33,4
DA:34,2
DA:35,6
DA:39,4
DA:40,2
DA:41,1
DA:42,1
DA:45,3
DA:46,1
DA:47,4
DA:48,1
DA:50,3
DA:51,1
DA:52,6
DA:55,7
DA:62,0
DA:63,0
DA:64,0
DA:65,0
DA:66,0
DA:67,0
DA:68,0
DA:71,0
LF:35
LH:27
end_of_record
SF:lib\views\state_notifier.dart
DA:4,2
DA:6,4
DA:12,2
DA:14,1
DA:15,2
DA:16,1
DA:17,1
DA:18,1
DA:19,3
DA:21,1
DA:24,1
DA:25,2
DA:27,2
DA:28,3
DA:29,0
DA:30,0
DA:31,0
DA:33,0
LF:18
LH:14
end_of_record
