SF:lib\database\definitions.dart
DA:12,1
DA:13,2
DA:14,1
DA:15,2
DA:16,1
DA:20,1
DA:21,1
DA:23,1
DA:24,1
DA:25,4
DA:35,1
DA:36,2
DA:37,1
DA:38,2
DA:39,1
DA:40,3
DA:41,1
DA:42,4
DA:43,1
DA:44,8
DA:45,1
DA:50,2
DA:51,1
DA:53,5
DA:56,1
DA:57,1
DA:59,1
DA:60,1
DA:71,1
DA:72,2
DA:73,1
DA:77,6
DA:79,0
DA:80,0
DA:81,0
DA:82,0
DA:84,0
DA:85,0
DA:89,0
DA:90,0
DA:91,0
DA:92,0
DA:94,0
DA:95,0
DA:99,1
DA:100,2
DA:108,1
DA:114,1
DA:115,2
DA:117,1
DA:122,3
DA:125,3
DA:131,3
DA:135,1
LF:54
LH:42
end_of_record
SF:lib\database\database.dart
DA:10,0
DA:23,0
DA:24,0
DA:25,0
DA:27,0
DA:28,0
DA:32,0
DA:36,0
DA:42,0
DA:63,0
DA:64,0
DA:66,0
DA:69,0
DA:70,0
DA:72,0
DA:73,0
DA:74,0
DA:75,0
DA:82,2
DA:84,2
DA:85,2
DA:89,1
DA:90,2
DA:100,0
DA:101,0
LF:25
LH:5
end_of_record
SF:lib\logger.dart
DA:5,3
DA:12,0
DA:13,6
DA:15,2
DA:22,0
DA:23,4
DA:25,0
DA:30,0
DA:32,0
DA:34,0
DA:36,3
DA:38,0
DA:39,0
DA:41,3
DA:49,3
DA:51,3
DA:53,2
DA:55,1
DA:57,0
DA:66,3
DA:67,3
DA:68,2
DA:69,3
DA:70,0
DA:71,0
DA:73,3
DA:75,3
DA:83,3
DA:89,3
DA:90,3
DA:91,3
DA:92,3
DA:96,2
DA:102,2
DA:103,2
DA:104,2
DA:105,2
DA:107,0
DA:108,0
DA:111,0
DA:118,3
DA:119,6
DA:120,3
DA:121,9
DA:127,3
DA:128,3
DA:132,3
DA:133,3
DA:134,3
DA:135,3
DA:136,3
DA:139,3
DA:142,3
DA:150,3
DA:153,6
DA:156,15
DA:162,0
DA:164,0
DA:165,0
DA:175,0
DA:176,0
DA:180,0
DA:181,0
DA:186,6
DA:188,3
DA:190,6
DA:191,3
DA:192,6
DA:193,3
DA:194,3
DA:195,3
DA:196,3
DA:199,3
DA:203,3
DA:206,3
DA:207,6
DA:213,3
DA:214,6
DA:218,9
DA:221,3
DA:222,6
DA:226,0
DA:229,3
DA:230,6
DA:234,9
DA:239,9
DA:240,9
DA:241,9
LF:88
LH:66
end_of_record
SF:lib\views\async_value_view.dart
DA:11,3
DA:18,3
DA:20,2
DA:21,1
DA:22,1
DA:23,2
DA:32,3
DA:34,3
DA:35,3
DA:36,6
DA:37,3
DA:38,6
DA:39,3
DA:40,3
DA:41,3
LF:15
LH:15
end_of_record
SF:lib\mem.dart
DA:8,2
DA:16,0
DA:18,2
DA:19,4
DA:21,4
DA:22,2
DA:23,2
DA:24,2
DA:25,2
DA:26,2
DA:29,1
DA:30,1
DA:31,1
DA:32,1
DA:33,2
DA:34,1
DA:35,0
DA:36,2
DA:37,1
DA:38,0
DA:39,2
DA:40,1
DA:41,0
DA:45,1
DA:46,2
LF:25
LH:21
end_of_record
SF:lib\repositories\mem_repository.dart
DA:9,0
DA:10,0
DA:11,0
DA:12,0
DA:13,0
DA:14,0
DA:15,0
DA:19,0
DA:20,0
DA:21,0
DA:22,0
DA:23,0
DA:27,0
DA:28,0
DA:31,0
DA:32,0
DA:33,0
DA:35,0
DA:36,0
DA:40,0
DA:41,0
DA:42,0
DA:45,0
DA:46,0
DA:47,0
DA:48,0
DA:49,0
DA:50,0
DA:51,0
DA:58,0
DA:59,0
DA:60,0
DA:61,0
DA:62,0
DA:63,0
DA:64,0
DA:68,0
DA:69,0
DA:70,0
DA:71,0
DA:72,0
DA:80,0
DA:81,0
DA:82,0
DA:85,0
DA:89,2
DA:98,0
DA:101,0
DA:107,2
DA:112,0
DA:116,0
DA:118,0
DA:119,0
DA:120,0
DA:121,0
DA:122,0
DA:123,0
DA:130,0
DA:132,0
DA:133,0
LF:60
LH:2
end_of_record
SF:lib\views\mem_detail\mem_detail_page.dart
DA:16,4
DA:18,2
DA:19,2
DA:20,2
DA:21,4
DA:22,4
DA:23,2
DA:24,2
DA:25,8
DA:26,8
DA:28,2
DA:29,2
DA:30,2
DA:32,2
DA:33,2
DA:36,0
DA:37,0
DA:38,0
DA:39,0
DA:41,0
DA:47,2
DA:49,2
DA:50,2
DA:51,2
DA:52,8
DA:53,4
DA:54,2
DA:55,2
DA:56,2
DA:57,2
DA:60,1
DA:61,5
DA:62,3
DA:69,2
DA:70,2
DA:71,2
DA:73,1
DA:74,3
DA:75,6
DA:77,1
DA:78,2
DA:80,3
DA:96,0
DA:97,0
LF:44
LH:37
end_of_record
SF:lib\views\mem_detail\mem_detail_states.dart
DA:10,6
DA:12,4
DA:13,2
DA:14,4
DA:15,12
DA:19,4
DA:20,2
DA:21,4
DA:22,2
DA:23,4
DA:27,4
DA:28,4
DA:29,4
DA:30,2
DA:31,2
DA:32,6
DA:34,2
DA:36,3
DA:37,5
DA:38,1
DA:40,1
DA:49,4
DA:50,2
DA:51,1
DA:52,1
DA:53,1
DA:56,1
DA:57,4
DA:59,3
DA:61,5
DA:62,3
DA:66,4
DA:67,3
DA:74,0
DA:75,0
DA:76,0
DA:77,0
DA:78,0
DA:79,0
LF:39
LH:33
end_of_record
SF:lib\views\state_notifier.dart
DA:5,2
DA:8,4
DA:15,1
DA:19,1
DA:21,1
DA:23,4
DA:24,2
DA:36,1
DA:37,2
DA:39,2
DA:40,2
DA:41,1
DA:43,0
DA:45,1
LF:14
LH:13
end_of_record
SF:lib\views\mem_list\mem_list_page.dart
DA:14,1
DA:16,1
DA:17,1
DA:18,1
DA:19,2
DA:20,2
DA:21,1
DA:22,1
DA:23,2
DA:24,2
DA:26,1
DA:27,1
DA:30,1
DA:32,2
DA:33,1
DA:34,1
DA:35,1
DA:36,1
DA:37,3
DA:38,1
DA:39,3
DA:44,1
DA:46,1
DA:48,1
DA:49,1
DA:50,1
DA:52,2
DA:54,1
DA:61,1
DA:63,2
DA:74,2
DA:75,1
DA:76,1
DA:77,1
DA:78,2
DA:79,1
DA:80,1
DA:82,1
DA:83,1
DA:84,0
DA:85,0
DA:86,0
DA:88,0
DA:90,0
DA:94,0
LF:45
LH:39
end_of_record
SF:lib\views\mem_list\mem_list_filter.dart
DA:10,1
DA:12,1
DA:13,1
DA:14,1
DA:15,2
DA:18,1
DA:19,2
DA:20,1
DA:21,1
DA:23,1
DA:24,1
DA:25,2
DA:26,1
DA:28,3
DA:29,1
DA:35,1
DA:37,1
DA:38,1
DA:39,2
DA:40,1
DA:42,3
DA:43,1
LF:22
LH:22
end_of_record
SF:lib\views\mem_list\mem_list_page_states.dart
DA:9,3
DA:10,2
DA:11,1
DA:12,1
DA:13,2
DA:14,2
DA:16,1
DA:17,3
DA:19,2
DA:20,4
DA:22,4
DA:24,6
DA:32,2
DA:33,1
DA:34,2
DA:35,1
DA:38,1
DA:39,1
DA:40,1
DA:42,1
DA:43,2
DA:44,2
DA:46,1
DA:49,1
DA:50,2
DA:52,2
DA:55,1
DA:56,3
DA:57,1
DA:58,1
DA:60,1
DA:63,3
DA:66,3
DA:75,2
DA:76,1
DA:77,2
DA:78,1
DA:79,2
DA:82,2
DA:83,1
DA:84,2
DA:85,1
DA:86,2
LF:43
LH:43
end_of_record
